  main.cpp
C:\Users\Manmeet Singh\Desktop\Project-And-Portfolio\Gateware/Gateware.h(14691,3): warning C4250: 'GW::I::GWindowImplementation': inherits 'GW::I::GEventGeneratorImplementation::GW::I::GEventGeneratorImplementation::Register' via dominance
C:\Users\Manmeet Singh\Desktop\Project-And-Portfolio\Gateware/Gateware.h(4724): message : see declaration of 'GW::I::GEventGeneratorImplementation::Register'
C:\Users\Manmeet Singh\Desktop\Project-And-Portfolio\Gateware/Gateware.h(14691,3): warning C4250: 'GW::I::GWindowImplementation': inherits 'GW::I::GEventGeneratorImplementation::GW::I::GEventGeneratorImplementation::Deregister' via dominance
C:\Users\Manmeet Singh\Desktop\Project-And-Portfolio\Gateware/Gateware.h(4737): message : see declaration of 'GW::I::GEventGeneratorImplementation::Deregister'
C:\Users\Manmeet Singh\Desktop\Project-And-Portfolio\Gateware/Gateware.h(14691,3): warning C4250: 'GW::I::GWindowImplementation': inherits 'GW::I::GEventGeneratorImplementation::GW::I::GEventGeneratorImplementation::Observers' via dominance
C:\Users\Manmeet Singh\Desktop\Project-And-Portfolio\Gateware/Gateware.h(4760): message : see declaration of 'GW::I::GEventGeneratorImplementation::Observers'
C:\Users\Manmeet Singh\Desktop\Project-And-Portfolio\Gateware/Gateware.h(14691,3): warning C4250: 'GW::I::GWindowImplementation': inherits 'GW::I::GEventGeneratorImplementation::GW::I::GEventGeneratorImplementation::Push' via dominance
C:\Users\Manmeet Singh\Desktop\Project-And-Portfolio\Gateware/Gateware.h(4768): message : see declaration of 'GW::I::GEventGeneratorImplementation::Push'
C:\Users\Manmeet Singh\Desktop\Project-And-Portfolio\Gateware/Gateware.h(59715,3): warning C4250: 'GW::I::GRasterSurfaceImplementation': inherits 'GW::I::GEventResponderImplementation::GW::I::GEventResponderImplementation::Assign' via dominance
C:\Users\Manmeet Singh\Desktop\Project-And-Portfolio\Gateware/Gateware.h(4073): message : see declaration of 'GW::I::GEventResponderImplementation::Assign'
C:\Users\Manmeet Singh\Desktop\Project-And-Portfolio\Gateware/Gateware.h(59715,3): warning C4250: 'GW::I::GRasterSurfaceImplementation': inherits 'GW::I::GEventResponderImplementation::GW::I::GEventResponderImplementation::Invoke' via dominance
C:\Users\Manmeet Singh\Desktop\Project-And-Portfolio\Gateware/Gateware.h(4082): message : see declaration of 'GW::I::GEventResponderImplementation::Invoke'
C:\Users\Manmeet Singh\Desktop\Project-And-Portfolio\Gateware/Gateware.h(63880,9): warning C4250: 'GW::I::GVulkanSurfaceImplementation': inherits 'GW::I::GEventGeneratorImplementation::GW::I::GEventGeneratorImplementation::Register' via dominance
C:\Users\Manmeet Singh\Desktop\Project-And-Portfolio\Gateware/Gateware.h(4724): message : see declaration of 'GW::I::GEventGeneratorImplementation::Register'
C:\Users\Manmeet Singh\Desktop\Project-And-Portfolio\Gateware/Gateware.h(63880,9): warning C4250: 'GW::I::GVulkanSurfaceImplementation': inherits 'GW::I::GEventGeneratorImplementation::GW::I::GEventGeneratorImplementation::Deregister' via dominance
C:\Users\Manmeet Singh\Desktop\Project-And-Portfolio\Gateware/Gateware.h(4737): message : see declaration of 'GW::I::GEventGeneratorImplementation::Deregister'
C:\Users\Manmeet Singh\Desktop\Project-And-Portfolio\Gateware/Gateware.h(63880,9): warning C4250: 'GW::I::GVulkanSurfaceImplementation': inherits 'GW::I::GEventGeneratorImplementation::GW::I::GEventGeneratorImplementation::Observers' via dominance
C:\Users\Manmeet Singh\Desktop\Project-And-Portfolio\Gateware/Gateware.h(4760): message : see declaration of 'GW::I::GEventGeneratorImplementation::Observers'
C:\Users\Manmeet Singh\Desktop\Project-And-Portfolio\Gateware/Gateware.h(63880,9): warning C4250: 'GW::I::GVulkanSurfaceImplementation': inherits 'GW::I::GEventGeneratorImplementation::GW::I::GEventGeneratorImplementation::Push' via dominance
C:\Users\Manmeet Singh\Desktop\Project-And-Portfolio\Gateware/Gateware.h(4768): message : see declaration of 'GW::I::GEventGeneratorImplementation::Push'
C:\Users\Manmeet Singh\Desktop\Project-And-Portfolio\Gateware/Gateware.h(64083,9): warning C4250: 'GW::I::GAudioImplementation': inherits 'GW::I::GEventGeneratorImplementation::GW::I::GEventGeneratorImplementation::Register' via dominance
C:\Users\Manmeet Singh\Desktop\Project-And-Portfolio\Gateware/Gateware.h(4724): message : see declaration of 'GW::I::GEventGeneratorImplementation::Register'
C:\Users\Manmeet Singh\Desktop\Project-And-Portfolio\Gateware/Gateware.h(64083,9): warning C4250: 'GW::I::GAudioImplementation': inherits 'GW::I::GEventGeneratorImplementation::GW::I::GEventGeneratorImplementation::Deregister' via dominance
C:\Users\Manmeet Singh\Desktop\Project-And-Portfolio\Gateware/Gateware.h(4737): message : see declaration of 'GW::I::GEventGeneratorImplementation::Deregister'
C:\Users\Manmeet Singh\Desktop\Project-And-Portfolio\Gateware/Gateware.h(64083,9): warning C4250: 'GW::I::GAudioImplementation': inherits 'GW::I::GEventGeneratorImplementation::GW::I::GEventGeneratorImplementation::Observers' via dominance
C:\Users\Manmeet Singh\Desktop\Project-And-Portfolio\Gateware/Gateware.h(4760): message : see declaration of 'GW::I::GEventGeneratorImplementation::Observers'
C:\Users\Manmeet Singh\Desktop\Project-And-Portfolio\Gateware/Gateware.h(64083,9): warning C4250: 'GW::I::GAudioImplementation': inherits 'GW::I::GEventGeneratorImplementation::GW::I::GEventGeneratorImplementation::Push' via dominance
C:\Users\Manmeet Singh\Desktop\Project-And-Portfolio\Gateware/Gateware.h(4768): message : see declaration of 'GW::I::GEventGeneratorImplementation::Push'
C:\Users\Manmeet Singh\Desktop\Project-And-Portfolio\Gateware/Gateware.h(65019,3): warning C4250: 'GW::I::GAudio3DImplementation': inherits 'GW::I::GEventGeneratorImplementation::GW::I::GEventGeneratorImplementation::Register' via dominance
C:\Users\Manmeet Singh\Desktop\Project-And-Portfolio\Gateware/Gateware.h(4724): message : see declaration of 'GW::I::GEventGeneratorImplementation::Register'
C:\Users\Manmeet Singh\Desktop\Project-And-Portfolio\Gateware/Gateware.h(65019,3): warning C4250: 'GW::I::GAudio3DImplementation': inherits 'GW::I::GEventGeneratorImplementation::GW::I::GEventGeneratorImplementation::Deregister' via dominance
C:\Users\Manmeet Singh\Desktop\Project-And-Portfolio\Gateware/Gateware.h(4737): message : see declaration of 'GW::I::GEventGeneratorImplementation::Deregister'
C:\Users\Manmeet Singh\Desktop\Project-And-Portfolio\Gateware/Gateware.h(65019,3): warning C4250: 'GW::I::GAudio3DImplementation': inherits 'GW::I::GEventGeneratorImplementation::GW::I::GEventGeneratorImplementation::Observers' via dominance
C:\Users\Manmeet Singh\Desktop\Project-And-Portfolio\Gateware/Gateware.h(4760): message : see declaration of 'GW::I::GEventGeneratorImplementation::Observers'
C:\Users\Manmeet Singh\Desktop\Project-And-Portfolio\Gateware/Gateware.h(65019,3): warning C4250: 'GW::I::GAudio3DImplementation': inherits 'GW::I::GEventGeneratorImplementation::GW::I::GEventGeneratorImplementation::Push' via dominance
C:\Users\Manmeet Singh\Desktop\Project-And-Portfolio\Gateware/Gateware.h(4768): message : see declaration of 'GW::I::GEventGeneratorImplementation::Push'
C:\Users\Manmeet Singh\Desktop\Project-And-Portfolio\Gateware/Gateware.h(65019,3): warning C4250: 'GW::I::GAudio3DImplementation': inherits 'GW::I::GAudioImplementation::GW::I::GAudioImplementation::SetMasterVolume' via dominance
C:\Users\Manmeet Singh\Desktop\Project-And-Portfolio\Gateware/Gateware.h(64031): message : see declaration of 'GW::I::GAudioImplementation::SetMasterVolume'
C:\Users\Manmeet Singh\Desktop\Project-And-Portfolio\Gateware/Gateware.h(65019,3): warning C4250: 'GW::I::GAudio3DImplementation': inherits 'GW::I::GAudioImplementation::GW::I::GAudioImplementation::SetGlobalSoundVolume' via dominance
C:\Users\Manmeet Singh\Desktop\Project-And-Portfolio\Gateware/Gateware.h(64035): message : see declaration of 'GW::I::GAudioImplementation::SetGlobalSoundVolume'
C:\Users\Manmeet Singh\Desktop\Project-And-Portfolio\Gateware/Gateware.h(65019,3): warning C4250: 'GW::I::GAudio3DImplementation': inherits 'GW::I::GAudioImplementation::GW::I::GAudioImplementation::SetGlobalMusicVolume' via dominance
C:\Users\Manmeet Singh\Desktop\Project-And-Portfolio\Gateware/Gateware.h(64039): message : see declaration of 'GW::I::GAudioImplementation::SetGlobalMusicVolume'
C:\Users\Manmeet Singh\Desktop\Project-And-Portfolio\Gateware/Gateware.h(65019,3): warning C4250: 'GW::I::GAudio3DImplementation': inherits 'GW::I::GAudioImplementation::GW::I::GAudioImplementation::SetSoundsChannelVolumes' via dominance
C:\Users\Manmeet Singh\Desktop\Project-And-Portfolio\Gateware/Gateware.h(64043): message : see declaration of 'GW::I::GAudioImplementation::SetSoundsChannelVolumes'
C:\Users\Manmeet Singh\Desktop\Project-And-Portfolio\Gateware/Gateware.h(65019,3): warning C4250: 'GW::I::GAudio3DImplementation': inherits 'GW::I::GAudioImplementation::GW::I::GAudioImplementation::SetMusicChannelVolumes' via dominance
C:\Users\Manmeet Singh\Desktop\Project-And-Portfolio\Gateware/Gateware.h(64047): message : see declaration of 'GW::I::GAudioImplementation::SetMusicChannelVolumes'
C:\Users\Manmeet Singh\Desktop\Project-And-Portfolio\Gateware/Gateware.h(65019,3): warning C4250: 'GW::I::GAudio3DImplementation': inherits 'GW::I::GAudioImplementation::GW::I::GAudioImplementation::PlaySounds' via dominance
C:\Users\Manmeet Singh\Desktop\Project-And-Portfolio\Gateware/Gateware.h(64051): message : see declaration of 'GW::I::GAudioImplementation::PlaySounds'
C:\Users\Manmeet Singh\Desktop\Project-And-Portfolio\Gateware/Gateware.h(65019,3): warning C4250: 'GW::I::GAudio3DImplementation': inherits 'GW::I::GAudioImplementation::GW::I::GAudioImplementation::PauseSounds' via dominance
C:\Users\Manmeet Singh\Desktop\Project-And-Portfolio\Gateware/Gateware.h(64055): message : see declaration of 'GW::I::GAudioImplementation::PauseSounds'
C:\Users\Manmeet Singh\Desktop\Project-And-Portfolio\Gateware/Gateware.h(65019,3): warning C4250: 'GW::I::GAudio3DImplementation': inherits 'GW::I::GAudioImplementation::GW::I::GAudioImplementation::ResumeSounds' via dominance
C:\Users\Manmeet Singh\Desktop\Project-And-Portfolio\Gateware/Gateware.h(64059): message : see declaration of 'GW::I::GAudioImplementation::ResumeSounds'
C:\Users\Manmeet Singh\Desktop\Project-And-Portfolio\Gateware/Gateware.h(65019,3): warning C4250: 'GW::I::GAudio3DImplementation': inherits 'GW::I::GAudioImplementation::GW::I::GAudioImplementation::StopSounds' via dominance
C:\Users\Manmeet Singh\Desktop\Project-And-Portfolio\Gateware/Gateware.h(64063): message : see declaration of 'GW::I::GAudioImplementation::StopSounds'
C:\Users\Manmeet Singh\Desktop\Project-And-Portfolio\Gateware/Gateware.h(65019,3): warning C4250: 'GW::I::GAudio3DImplementation': inherits 'GW::I::GAudioImplementation::GW::I::GAudioImplementation::PlayMusic' via dominance
C:\Users\Manmeet Singh\Desktop\Project-And-Portfolio\Gateware/Gateware.h(64067): message : see declaration of 'GW::I::GAudioImplementation::PlayMusic'
C:\Users\Manmeet Singh\Desktop\Project-And-Portfolio\Gateware/Gateware.h(65019,3): warning C4250: 'GW::I::GAudio3DImplementation': inherits 'GW::I::GAudioImplementation::GW::I::GAudioImplementation::PauseMusic' via dominance
C:\Users\Manmeet Singh\Desktop\Project-And-Portfolio\Gateware/Gateware.h(64071): message : see declaration of 'GW::I::GAudioImplementation::PauseMusic'
C:\Users\Manmeet Singh\Desktop\Project-And-Portfolio\Gateware/Gateware.h(65019,3): warning C4250: 'GW::I::GAudio3DImplementation': inherits 'GW::I::GAudioImplementation::GW::I::GAudioImplementation::ResumeMusic' via dominance
C:\Users\Manmeet Singh\Desktop\Project-And-Portfolio\Gateware/Gateware.h(64075): message : see declaration of 'GW::I::GAudioImplementation::ResumeMusic'
C:\Users\Manmeet Singh\Desktop\Project-And-Portfolio\Gateware/Gateware.h(65019,3): warning C4250: 'GW::I::GAudio3DImplementation': inherits 'GW::I::GAudioImplementation::GW::I::GAudioImplementation::StopMusic' via dominance
C:\Users\Manmeet Singh\Desktop\Project-And-Portfolio\Gateware/Gateware.h(64079): message : see declaration of 'GW::I::GAudioImplementation::StopMusic'
C:\Users\Manmeet Singh\Desktop\Project-And-Portfolio\Gateware/Gateware.h(70735,3): warning C4250: 'GW::I::GBufferedInputImplementation': inherits 'GW::I::GEventGeneratorImplementation::GW::I::GEventGeneratorImplementation::Register' via dominance
C:\Users\Manmeet Singh\Desktop\Project-And-Portfolio\Gateware/Gateware.h(4724): message : see declaration of 'GW::I::GEventGeneratorImplementation::Register'
C:\Users\Manmeet Singh\Desktop\Project-And-Portfolio\Gateware/Gateware.h(70735,3): warning C4250: 'GW::I::GBufferedInputImplementation': inherits 'GW::I::GEventGeneratorImplementation::GW::I::GEventGeneratorImplementation::Deregister' via dominance
C:\Users\Manmeet Singh\Desktop\Project-And-Portfolio\Gateware/Gateware.h(4737): message : see declaration of 'GW::I::GEventGeneratorImplementation::Deregister'
C:\Users\Manmeet Singh\Desktop\Project-And-Portfolio\Gateware/Gateware.h(70735,3): warning C4250: 'GW::I::GBufferedInputImplementation': inherits 'GW::I::GEventGeneratorImplementation::GW::I::GEventGeneratorImplementation::Observers' via dominance
C:\Users\Manmeet Singh\Desktop\Project-And-Portfolio\Gateware/Gateware.h(4760): message : see declaration of 'GW::I::GEventGeneratorImplementation::Observers'
C:\Users\Manmeet Singh\Desktop\Project-And-Portfolio\Gateware/Gateware.h(70735,3): warning C4250: 'GW::I::GBufferedInputImplementation': inherits 'GW::I::GEventGeneratorImplementation::GW::I::GEventGeneratorImplementation::Push' via dominance
C:\Users\Manmeet Singh\Desktop\Project-And-Portfolio\Gateware/Gateware.h(4768): message : see declaration of 'GW::I::GEventGeneratorImplementation::Push'
C:\Users\Manmeet Singh\Desktop\Project-And-Portfolio\Gateware/Gateware.h(74103,3): warning C4250: 'GW::I::GControllerImplementation': inherits 'GW::I::GEventGeneratorImplementation::GW::I::GEventGeneratorImplementation::Register' via dominance
C:\Users\Manmeet Singh\Desktop\Project-And-Portfolio\Gateware/Gateware.h(4724): message : see declaration of 'GW::I::GEventGeneratorImplementation::Register'
C:\Users\Manmeet Singh\Desktop\Project-And-Portfolio\Gateware/Gateware.h(74103,3): warning C4250: 'GW::I::GControllerImplementation': inherits 'GW::I::GEventGeneratorImplementation::GW::I::GEventGeneratorImplementation::Deregister' via dominance
C:\Users\Manmeet Singh\Desktop\Project-And-Portfolio\Gateware/Gateware.h(4737): message : see declaration of 'GW::I::GEventGeneratorImplementation::Deregister'
C:\Users\Manmeet Singh\Desktop\Project-And-Portfolio\Gateware/Gateware.h(74103,3): warning C4250: 'GW::I::GControllerImplementation': inherits 'GW::I::GEventGeneratorImplementation::GW::I::GEventGeneratorImplementation::Observers' via dominance
C:\Users\Manmeet Singh\Desktop\Project-And-Portfolio\Gateware/Gateware.h(4760): message : see declaration of 'GW::I::GEventGeneratorImplementation::Observers'
C:\Users\Manmeet Singh\Desktop\Project-And-Portfolio\Gateware/Gateware.h(74103,3): warning C4250: 'GW::I::GControllerImplementation': inherits 'GW::I::GEventGeneratorImplementation::GW::I::GEventGeneratorImplementation::Push' via dominance
C:\Users\Manmeet Singh\Desktop\Project-And-Portfolio\Gateware/Gateware.h(4768): message : see declaration of 'GW::I::GEventGeneratorImplementation::Push'
C:\Users\Manmeet Singh\Desktop\Project-And-Portfolio\renderer.h(145,1): warning C4267: 'argument': conversion from 'size_t' to 'unsigned int', possible loss of data
C:\Users\Manmeet Singh\Desktop\Project-And-Portfolio\Gateware/Gateware.h(1496,1): warning C4244: 'argument': conversion from '_Ty' to 'unsigned int', possible loss of data
          with
          [
              _Ty=unsigned __int64
          ]
C:\Users\Manmeet Singh\Desktop\Project-And-Portfolio\Gateware/Gateware.h(1597): message : see reference to function template instantiation 'GW::GReturn GW::I::GProxy<GW::I::GVulkanSurfaceInterface,GW::I::GVulkanSurfaceImplementation,GW::SYSTEM::GWindow,unsigned __int64>::allocate<GW::SYSTEM::GWindow,GW::GRAPHICS::GGraphicsInitOptions,unsigned __int64,const char**,int,nullptr,int,nullptr,bool>(GW::SYSTEM::GWindow &&,GW::GRAPHICS::GGraphicsInitOptions &&,unsigned __int64 &&,const char **&&,int &&,nullptr &&,int &&,nullptr &&,bool &&)' being compiled
C:\Users\Manmeet Singh\Desktop\Project-And-Portfolio\Gateware/Gateware.h(1597): message : see reference to function template instantiation 'GW::GReturn GW::I::GProxy<GW::I::GVulkanSurfaceInterface,GW::I::GVulkanSurfaceImplementation,GW::SYSTEM::GWindow,unsigned __int64>::allocate<GW::SYSTEM::GWindow,GW::GRAPHICS::GGraphicsInitOptions,unsigned __int64,const char**,int,nullptr,int,nullptr,bool>(GW::SYSTEM::GWindow &&,GW::GRAPHICS::GGraphicsInitOptions &&,unsigned __int64 &&,const char **&&,int &&,nullptr &&,int &&,nullptr &&,bool &&)' being compiled
C:\Users\Manmeet Singh\Desktop\Project-And-Portfolio\main.cpp(48): message : see reference to function template instantiation 'GW::GReturn GW::I::GProxy<GW::I::GVulkanSurfaceInterface,GW::I::GVulkanSurfaceImplementation,GW::SYSTEM::GWindow,unsigned __int64>::Create<GW::SYSTEM::GWindow,GW::GRAPHICS::GGraphicsInitOptions,unsigned __int64,const char**,int,nullptr,int,nullptr,bool,std::enable_if<true,void>>(GW::SYSTEM::GWindow,GW::GRAPHICS::GGraphicsInitOptions,unsigned __int64,const char **,int,nullptr,int,nullptr,bool)' being compiled
C:\Users\Manmeet Singh\Desktop\Project-And-Portfolio\main.cpp(46): message : see reference to function template instantiation 'GW::GReturn GW::I::GProxy<GW::I::GVulkanSurfaceInterface,GW::I::GVulkanSurfaceImplementation,GW::SYSTEM::GWindow,unsigned __int64>::Create<GW::SYSTEM::GWindow,GW::GRAPHICS::GGraphicsInitOptions,unsigned __int64,const char**,int,nullptr,int,nullptr,bool,std::enable_if<true,void>>(GW::SYSTEM::GWindow,GW::GRAPHICS::GGraphicsInitOptions,unsigned __int64,const char **,int,nullptr,int,nullptr,bool)' being compiled
  Assignment_1_Vulkan.vcxproj -> C:\Users\Manmeet Singh\Desktop\Project-And-Portfolio\Debug\Assignment_1_Vulkan.exe
